Quick-Cocos2d-x C++ support ready.

[LUA-print] localhost

[LUA-print] 7003

[LUA-print] dump from: [string "LuaDebugjit.lua"]:884: in function 'debugger_setBreak'

[LUA-print] - "breakInfos" = {

[LUA-print] - }

[LUA-print] table

[LUA-print] ===========================================================

[LUA-print]               LOAD QUICK FRAMEWORK

[LUA-print] ===========================================================

[LUA-print] [INFO] 

[LUA-print] [INFO] # DEBUG                        = 1

[LUA-print] [INFO] #

[LUA-print] [INFO] # device.platform              = windows

[LUA-print] [INFO] # device.model                 = unknown

[LUA-print] [INFO] # device.language              = cn

[LUA-print] [INFO] # device.writablePath          = e:\www_root\00shangHaiMajhong\

[LUA-print] [INFO] # device.directorySeparator    = \

[LUA-print] [INFO] # device.pathSeparator         = ;

[LUA-print] [INFO] #

[LUA-print] [INFO] # CONFIG_SCREEN_AUTOSCALE      = FIXED_WIDTH

[LUA-print] [INFO] # CONFIG_SCREEN_WIDTH          = 960.00

[LUA-print] [INFO] # CONFIG_SCREEN_HEIGHT         = 660.00

[LUA-print] [INFO] # display.widthInPixels        = 960.00

[LUA-print] [INFO] # display.heightInPixels       = 660.00

[LUA-print] [INFO] # display.contentScaleFactor   = 1.00

[LUA-print] [INFO] # display.width                = 960.00

[LUA-print] [INFO] # display.height               = 660.00

[LUA-print] [INFO] # display.cx                   = 480.00

[LUA-print] [INFO] # display.cy                   = 330.00

[LUA-print] [INFO] # display.left                 = 0.00

[LUA-print] [INFO] # display.right                = 960.00

[LUA-print] [INFO] # display.top                  = 660.00

[LUA-print] [INFO] # display.bottom               = 0.00

[LUA-print] [INFO] # display.c_left               = -480.00

[LUA-print] [INFO] # display.c_right              = 480.00

[LUA-print] [INFO] # display.c_top                = 330.00

[LUA-print] [INFO] # display.c_bottom             = -330.00

[LUA-print] [INFO] #

[LUA-print] [INFO] GameState.load() - file "e:\www_root\00shangHaiMajhong\state.txt" not found

[LUA-print] MainScene:onEnter

load cocostudio csb is res/loading/loading.csb

[LUA-print] dump from: [string "hall/data/AppMessage.lua"]:6: in function 'ctor'

[LUA-print] - "-----AppMessage:ctor-----" = "初始化应用信息"

[LUA-print] dump from: [string "hall/data/Config.lua"]:6: in function 'ctor'

[LUA-print] - "-----Config:ctor-----" = "初始化配置"

[LUA-print] dump from: [string "hall/data/Config.lua"]:56: in function 'initPath'

[LUA-print] - "-----Config:initPath-----" = "初始化文件访问路径"

[LUA-print] dump from: [string "hall/network/http/Request.lua"]:8: in function 'ctor'

[LUA-print] - "-----Request-----" = "初始化请求文件"

load cocostudio csb is res/loading/loading.csb

[LUA-print] dump from: [string "hall/network/http/Request.lua"]:16: in function 'createHttRq'

[LUA-print] - "-----请求链接-----" = "http://119.23.152.242:8080/hbiInterface/playerUser/getUserInfo4GameServer"

HTTPRequest[0x0001] - create request with url: http://119.23.152.242:8080/hbiInterface/playerUser/getUserInfo4GameServer

[LUA-print] dump from: [string "hall/network/http/Request.lua"]:32: in function <[string "hall/network/http/Request.lua"]:27>

[LUA-print] - "-----event.name-----" = "failed"

HTTPRequest[0x0001] - request removed

[LUA-print] dump from: [string "hall/network/http/Request.lua"]:16: in function 'createHttRq'

[LUA-print] - "-----请求链接-----" = "http://119.23.152.242:8080/hbiInterface/playerUser/getUserInfo4GameServer"

HTTPRequest[0x0002] - create request with url: http://119.23.152.242:8080/hbiInterface/playerUser/getUserInfo4GameServer

[LUA-print] dump from: [string "hall/network/http/Request.lua"]:32: in function <[string "hall/network/http/Request.lua"]:27>

[LUA-print] - "-----event.name-----" = "failed"

HTTPRequest[0x0002] - request removed

[LUA-print] dump from: [string "hall/network/http/Request.lua"]:16: in function 'createHttRq'

[LUA-print] - "-----请求链接-----" = "http://119.23.152.242:8080/hbiInterface/playerUser/getUserInfo4GameServer"

HTTPRequest[0x0003] - create request with url: http://119.23.152.242:8080/hbiInterface/playerUser/getUserInfo4GameServer

[LUA-print] dump from: [string "hall/network/http/Request.lua"]:32: in function <[string "hall/network/http/Request.lua"]:27>

[LUA-print] - "-----event.name-----" = "failed"

HTTPRequest[0x0003] - request removed

[LUA-print] dump from: [string "hall/network/http/Request.lua"]:16: in function 'createHttRq'

[LUA-print] - "-----请求链接-----" = "http://119.23.152.242:8080/hbiInterface/playerUser/getUserInfo4GameServer"

HTTPRequest[0x0004] - create request with url: http://119.23.152.242:8080/hbiInterface/playerUser/getUserInfo4GameServer

[LUA-print] dump from: [string "hall/network/http/Request.lua"]:32: in function <[string "hall/network/http/Request.lua"]:27>

[LUA-print] - "-----event.name-----" = "failed"

[LUA-print] show button state:3

load cocostudio csb is hall/scene/res/168/tips/LayerTips_new.csb

load cocostudio csb is hall/scene/res/168/login/Login.csb

HTTPRequest[0x0004] - request removed

[LUA-print] dump from: [string "hall/network/http/Request.lua"]:16: in function 'createHttRq'

[LUA-print] - "-----请求链接-----" = "http://119.23.152.242:8080/hbiInterface/playerUser/getUserInfo4GameServer"

HTTPRequest[0x0005] - create request with url: http://119.23.152.242:8080/hbiInterface/playerUser/getUserInfo4GameServer

[LUA-print] dump from: [string "hall/network/http/Request.lua"]:32: in function <[string "hall/network/http/Request.lua"]:27>

[LUA-print] - "-----event.name-----" = "failed"

HTTPRequest[0x0005] - request removed

